2026-03-21 05:01:16,668 Starting TCP server on 127.0.0.1:8473
2026-03-21 05:01:16,668 Using proactor: IocpProactor
2026-03-21 05:01:16,669 Serving on ('127.0.0.1', 8473)
2026-03-21 05:04:20,839 Connected to client
2026-03-21 05:04:21,337 Content length: 5983
2026-03-21 05:04:21,409 Request 'initialize' received
2026-03-21 05:04:21,409 Language server initialized InitializeParams(capabilities=ClientCapabilities(workspace=WorkspaceClientCapabilities(apply_edit=True, workspace_edit=WorkspaceEditClientCapabilities(document_changes=True, resource_operations=(<ResourceOperationKind.Create: 'create'>, <ResourceOperationKind.Rename: 'rename'>, <ResourceOperationKind.Delete: 'delete'>), failure_handling=<FailureHandlingKind.TextOnlyTransactional: 'textOnlyTransactional'>, normalizes_line_endings=True, change_annotation_support=ChangeAnnotationsSupportOptions(groups_on_label=True), metadata_support=None, snippet_edit_support=None), did_change_configuration=DidChangeConfigurationClientCapabilities(dynamic_registration=True), did_change_watched_files=DidChangeWatchedFilesClientCapabilities(dynamic_registration=True, relative_pattern_support=True), symbol=WorkspaceSymbolClientCapabilities(dynamic_registration=True, symbol_kind=ClientSymbolKindOptions(value_set=(<SymbolKind.File: 1>, <SymbolKind.Module: 2>, <SymbolKind.Namespace: 3>, <SymbolKind.Package: 4>, <SymbolKind.Class: 5>, <SymbolKind.Method: 6>, <SymbolKind.Property: 7>, <SymbolKind.Field: 8>, <SymbolKind.Constructor: 9>, <SymbolKind.Enum: 10>, <SymbolKind.Interface: 11>, <SymbolKind.Function: 12>, <SymbolKind.Variable: 13>, <SymbolKind.Constant: 14>, <SymbolKind.String: 15>, <SymbolKind.Number: 16>, <SymbolKind.Boolean: 17>, <SymbolKind.Array: 18>, <SymbolKind.Object: 19>, <SymbolKind.Key: 20>, <SymbolKind.Null: 21>, <SymbolKind.EnumMember: 22>, <SymbolKind.Struct: 23>, <SymbolKind.Event: 24>, <SymbolKind.Operator: 25>, <SymbolKind.TypeParameter: 26>)), tag_support=ClientSymbolTagOptions(value_set=(<SymbolTag.Deprecated: 1>,)), resolve_support=ClientSymbolResolveOptions(properties=('location.range',))), execute_command=ExecuteCommandClientCapabilities(dynamic_registration=True), workspace_folders=True, configuration=True, semantic_tokens=SemanticTokensWorkspaceClientCapabilities(refresh_support=True), code_lens=CodeLensWorkspaceClientCapabilities(refresh_support=True), file_operations=FileOperationClientCapabilities(dynamic_registration=True, did_create=True, will_create=True, did_rename=True, will_rename=True, did_delete=True, will_delete=True), inline_value=InlineValueWorkspaceClientCapabilities(refresh_support=True), inlay_hint=InlayHintWorkspaceClientCapabilities(refresh_support=True), diagnostics=DiagnosticWorkspaceClientCapabilities(refresh_support=True), folding_range=FoldingRangeWorkspaceClientCapabilities(refresh_support=True), text_document_content=None), text_document=TextDocumentClientCapabilities(synchronization=TextDocumentSyncClientCapabilities(dynamic_registration=True, will_save=True, will_save_wait_until=True, did_save=True), filters=None, completion=CompletionClientCapabilities(dynamic_registration=True, completion_item=ClientCompletionItemOptions(snippet_support=True, commit_characters_support=True, documentation_format=(<MarkupKind.Markdown: 'markdown'>, <MarkupKind.PlainText: 'plaintext'>), deprecated_support=True, preselect_support=True, tag_support=CompletionItemTagOptions(value_set=(<CompletionItemTag.Deprecated: 1>,)), insert_replace_support=True, resolve_support=ClientCompletionItemResolveOptions(properties=('documentation', 'detail', 'additionalTextEdits')), insert_text_mode_support=ClientCompletionItemInsertTextModeOptions(value_set=(<InsertTextMode.AsIs: 1>, <InsertTextMode.AdjustIndentation: 2>)), label_details_support=True), completion_item_kind=ClientCompletionItemOptionsKind(value_set=(1, 2, 3, 4, 5, 6, 7, 8, 9, 10, 11, 12, 13, 14, 15, 16, 17, 18, 19, 20, 21, 22, 23, 24, 25)), insert_text_mode=<InsertTextMode.AdjustIndentation: 2>, context_support=True, completion_list=CompletionListCapabilities(item_defaults=('commitCharacters', 'editRange', 'insertTextFormat', 'insertTextMode', 'data'), apply_kind_support=None)), hover=HoverClientCapabilities(dynamic_registration=True, content_format=(<MarkupKind.Markdown: 'markdown'>, <MarkupKind.PlainText: 'plaintext'>)), signature_help=SignatureHelpClientCapabilities(dynamic_registration=True, signature_information=ClientSignatureInformationOptions(documentation_format=(<MarkupKind.Markdown: 'markdown'>, <MarkupKind.PlainText: 'plaintext'>), parameter_information=ClientSignatureParameterInformationOptions(label_offset_support=True), active_parameter_support=True, no_active_parameter_support=None), context_support=True), declaration=DeclarationClientCapabilities(dynamic_registration=True, link_support=True), definition=DefinitionClientCapabilities(dynamic_registration=True, link_support=True), type_definition=TypeDefinitionClientCapabilities(dynamic_registration=True, link_support=True), implementation=ImplementationClientCapabilities(dynamic_registration=True, link_support=True), references=ReferenceClientCapabilities(dynamic_registration=True), document_highlight=DocumentHighlightClientCapabilities(dynamic_registration=True), document_symbol=DocumentSymbolClientCapabilities(dynamic_registration=True, symbol_kind=ClientSymbolKindOptions(value_set=(<SymbolKind.File: 1>, <SymbolKind.Module: 2>, <SymbolKind.Namespace: 3>, <SymbolKind.Package: 4>, <SymbolKind.Class: 5>, <SymbolKind.Method: 6>, <SymbolKind.Property: 7>, <SymbolKind.Field: 8>, <SymbolKind.Constructor: 9>, <SymbolKind.Enum: 10>, <SymbolKind.Interface: 11>, <SymbolKind.Function: 12>, <SymbolKind.Variable: 13>, <SymbolKind.Constant: 14>, <SymbolKind.String: 15>, <SymbolKind.Number: 16>, <SymbolKind.Boolean: 17>, <SymbolKind.Array: 18>, <SymbolKind.Object: 19>, <SymbolKind.Key: 20>, <SymbolKind.Null: 21>, <SymbolKind.EnumMember: 22>, <SymbolKind.Struct: 23>, <SymbolKind.Event: 24>, <SymbolKind.Operator: 25>, <SymbolKind.TypeParameter: 26>)), hierarchical_document_symbol_support=True, tag_support=ClientSymbolTagOptions(value_set=(<SymbolTag.Deprecated: 1>,)), label_support=True), code_action=CodeActionClientCapabilities(dynamic_registration=True, code_action_literal_support=ClientCodeActionLiteralOptions(code_action_kind=ClientCodeActionKindOptions(value_set=('', 'quickfix', 'refactor', 'refactor.extract', 'refactor.inline', 'refactor.rewrite', 'source', 'source.organizeImports'))), is_preferred_support=True, disabled_support=True, data_support=True, resolve_support=ClientCodeActionResolveOptions(properties=('edit',)), honors_change_annotations=True, documentation_support=None, tag_support=None), code_lens=CodeLensClientCapabilities(dynamic_registration=True, resolve_support=None), document_link=DocumentLinkClientCapabilities(dynamic_registration=True, tooltip_support=True), color_provider=DocumentColorClientCapabilities(dynamic_registration=True), formatting=DocumentFormattingClientCapabilities(dynamic_registration=True), range_formatting=DocumentRangeFormattingClientCapabilities(dynamic_registration=True, ranges_support=True), on_type_formatting=DocumentOnTypeFormattingClientCapabilities(dynamic_registration=True), rename=RenameClientCapabilities(dynamic_registration=True, prepare_support=True, prepare_support_default_behavior=<PrepareSupportDefaultBehavior.Identifier: 1>, honors_change_annotations=True), folding_range=FoldingRangeClientCapabilities(dynamic_registration=True, range_limit=5000, line_folding_only=True, folding_range_kind=ClientFoldingRangeKindOptions(value_set=('comment', 'imports', 'region')), folding_range=ClientFoldingRangeOptions(collapsed_text=False)), selection_range=SelectionRangeClientCapabilities(dynamic_registration=True), publish_diagnostics=PublishDiagnosticsClientCapabilities(version_support=False, related_information=True, tag_support=ClientDiagnosticsTagOptions(value_set=(<DiagnosticTag.Unnecessary: 1>, <DiagnosticTag.Deprecated: 2>)), code_description_support=True, data_support=True), call_hierarchy=CallHierarchyClientCapabilities(dynamic_registration=True), semantic_tokens=SemanticTokensClientCapabilities(requests=ClientSemanticTokensRequestOptions(range=True, full=ClientSemanticTokensRequestFullDelta(delta=True)), token_types=('namespace', 'type', 'class', 'enum', 'interface', 'struct', 'typeParameter', 'parameter', 'variable', 'property', 'enumMember', 'event', 'function', 'method', 'macro', 'keyword', 'modifier', 'comment', 'string', 'number', 'regexp', 'operator', 'decorator'), token_modifiers=('declaration', 'definition', 'readonly', 'static', 'deprecated', 'abstract', 'async', 'modification', 'documentation', 'defaultLibrary'), formats=(<TokenFormat.Relative: 'relative'>,), dynamic_registration=True, overlapping_token_support=False, multiline_token_support=False, server_cancel_support=True, augments_syntax_tokens=True), linked_editing_range=LinkedEditingRangeClientCapabilities(dynamic_registration=True), moniker=None, type_hierarchy=TypeHierarchyClientCapabilities(dynamic_registration=True), inline_value=InlineValueClientCapabilities(dynamic_registration=True), inlay_hint=InlayHintClientCapabilities(dynamic_registration=True, resolve_support=ClientInlayHintResolveOptions(properties=('tooltip', 'textEdits', 'label.tooltip', 'label.location', 'label.command'))), diagnostic=DiagnosticClientCapabilities(dynamic_registration=True, related_document_support=False, related_information=None, tag_support=None, code_description_support=None, data_support=None), inline_completion=None), notebook_document=NotebookDocumentClientCapabilities(synchronization=NotebookDocumentSyncClientCapabilities(dynamic_registration=True, execution_summary_support=True)), window=WindowClientCapabilities(work_done_progress=True, show_message=ShowMessageRequestClientCapabilities(message_action_item=ClientShowMessageActionItemOptions(additional_properties_support=True)), show_document=ShowDocumentClientCapabilities(support=True)), general=GeneralClientCapabilities(stale_request_support=StaleRequestSupportOptions(cancel=True, retry_on_content_modified=('textDocument/semanticTokens/full', 'textDocument/semanticTokens/range', 'textDocument/semanticTokens/full/delta')), regular_expressions=RegularExpressionsClientCapabilities(engine='ECMAScript', version='ES2020'), markdown=MarkdownClientCapabilities(parser='marked', version='1.1.0', allowed_tags=None), position_encodings=('utf-16',)), experimental=None), process_id=9660, client_info=ClientInfo(name='Visual Studio Code', version='1.111.0'), locale='en', root_path='c:\\Users\\likit\\OneDrive\\Documents\\projects\\Audiocomments\\tests', root_uri='file:///c%3A/Users/likit/OneDrive/Documents/projects/Audiocomments/tests', initialization_options=None, trace=<TraceValue.Off: 'off'>, work_done_token=None, workspace_folders=(WorkspaceFolder(uri='file:///c%3A/Users/likit/OneDrive/Documents/projects/Audiocomments/tests', name='tests'),))
2026-03-21 05:04:21,412 SpeakLine LSP server initializing...
2026-03-21 05:04:21,423 Server capabilities: {"positionEncoding": "utf-16", "textDocumentSync": {"openClose": true, "change": 2, "willSave": false, "willSaveWaitUntil": false, "save": false}, "executeCommandProvider": {"commands": ["speakline.recordAtCursor", "speakline.recordAtCursorPreview", "speakline.transcribeOnly", "speakline.insertComment"]}, "workspace": {"workspaceFolders": {"supported": true, "changeNotifications": true}, "fileOperations": {}}}
2026-03-21 05:04:21,432 Sending data: {"id": 0, "jsonrpc": "2.0", "result": {"capabilities": {"positionEncoding": "utf-16", "textDocumentSync": {"openClose": true, "change": 2, "willSave": false, "willSaveWaitUntil": false, "save": false}, "executeCommandProvider": {"commands": ["speakline.recordAtCursor", "speakline.recordAtCursorPreview", "speakline.transcribeOnly", "speakline.insertComment"]}, "workspace": {"workspaceFolders": {"supported": true, "changeNotifications": true}, "fileOperations": {}}}, "serverInfo": {"name": "speakline-lsp", "version": "v0.2.0"}}}
2026-03-21 05:04:21,528 Content length: 52
2026-03-21 05:04:21,530 Notification 'initialized' received
2026-03-21 05:04:21,553 Content length: 44
2026-03-21 05:04:21,554 Request 'shutdown' received
2026-03-21 05:04:21,554 Sending data: {"id": 1, "jsonrpc": "2.0", "result": null}
2026-03-21 05:04:21,626 Content length: 33
2026-03-21 05:04:21,628 Notification 'exit' received
2026-03-21 05:04:21,628 Unhandled exception in client_connected_cb
transport: <_ProactorSocketTransport closed>
Traceback (most recent call last):
  File "C:\Users\likit\anaconda3\Lib\asyncio\runners.py", line 195, in run
    return runner.run(main)
           ~~~~~~~~~~^^^^^^
  File "C:\Users\likit\anaconda3\Lib\asyncio\runners.py", line 118, in run
    return self._loop.run_until_complete(task)
           ~~~~~~~~~~~~~~~~~~~~~~~~~~~~~^^^^^^
  File "C:\Users\likit\anaconda3\Lib\asyncio\base_events.py", line 712, in run_until_complete
    self.run_forever()
    ~~~~~~~~~~~~~~~~^^
  File "C:\Users\likit\anaconda3\Lib\asyncio\base_events.py", line 683, in run_forever
    self._run_once()
    ~~~~~~~~~~~~~~^^
  File "C:\Users\likit\anaconda3\Lib\asyncio\base_events.py", line 2042, in _run_once
    handle._run()
    ~~~~~~~~~~~^^
  File "C:\Users\likit\anaconda3\Lib\asyncio\events.py", line 89, in _run
    self._context.run(self._callback, *self._args)
    ~~~~~~~~~~~~~~~~~^^^^^^^^^^^^^^^^^^^^^^^^^^^^^
  File "C:\Users\likit\anaconda3\Lib\site-packages\pygls\server.py", line 182, in lsp_connection
    await run_async(
    ...<5 lines>...
    )
  File "C:\Users\likit\anaconda3\Lib\site-packages\pygls\io_.py", line 167, in run_async
    protocol.handle_message(message)
    ~~~~~~~~~~~~~~~~~~~~~~~^^^^^^^^^
  File "C:\Users\likit\anaconda3\Lib\site-packages\pygls\protocol\json_rpc.py", line 509, in handle_message
    ctx.run(self._handle_notification, message.method, message.params)
    ~~~~~~~^^^^^^^^^^^^^^^^^^^^^^^^^^^^^^^^^^^^^^^^^^^^^^^^^^^^^^^^^^^
  File "C:\Users\likit\anaconda3\Lib\site-packages\pygls\protocol\json_rpc.py", line 362, in _handle_notification
    self._execute_handler(
    ~~~~~~~~~~~~~~~~~~~~~^
        msg_id=str(uuid.uuid4()),
        ^^^^^^^^^^^^^^^^^^^^^^^^^
    ...<2 lines>...
        callback=self._check_handler_result,
        ^^^^^^^^^^^^^^^^^^^^^^^^^^^^^^^^^^^^
    )
    ^
  File "C:\Users\likit\anaconda3\Lib\site-packages\pygls\protocol\json_rpc.py", line 223, in _execute_handler
    self._run_generator(
    ~~~~~~~~~~~~~~~~~~~^
        future=None, gen=handler(*args, **kwargs), result_future=future
        ^^^^^^^^^^^^^^^^^^^^^^^^^^^^^^^^^^^^^^^^^^^^^^^^^^^^^^^^^^^^^^^
    )
    ^
  File "C:\Users\likit\anaconda3\Lib\site-packages\pygls\protocol\json_rpc.py", line 274, in _run_generator
    handler, args, kwargs = gen.send(value)
                            ~~~~~~~~^^^^^^^
  File "C:\Users\likit\anaconda3\Lib\site-packages\pygls\protocol\language_server.py", line 132, in lsp_exit
    sys.exit(returncode)
    ~~~~~~~~^^^^^^^^^^^^
SystemExit: 0
2026-03-21 05:08:39,792 Starting TCP server on 127.0.0.1:8473
2026-03-21 05:08:39,792 Using proactor: IocpProactor
2026-03-21 05:08:39,793 Serving on ('127.0.0.1', 8473)
2026-03-21 05:10:03,175 Connected to client
2026-03-21 05:10:03,211 Content length: 5984
2026-03-21 05:10:03,323 Request 'initialize' received
2026-03-21 05:10:03,323 Language server initialized InitializeParams(capabilities=ClientCapabilities(workspace=WorkspaceClientCapabilities(apply_edit=True, workspace_edit=WorkspaceEditClientCapabilities(document_changes=True, resource_operations=(<ResourceOperationKind.Create: 'create'>, <ResourceOperationKind.Rename: 'rename'>, <ResourceOperationKind.Delete: 'delete'>), failure_handling=<FailureHandlingKind.TextOnlyTransactional: 'textOnlyTransactional'>, normalizes_line_endings=True, change_annotation_support=ChangeAnnotationsSupportOptions(groups_on_label=True), metadata_support=None, snippet_edit_support=None), did_change_configuration=DidChangeConfigurationClientCapabilities(dynamic_registration=True), did_change_watched_files=DidChangeWatchedFilesClientCapabilities(dynamic_registration=True, relative_pattern_support=True), symbol=WorkspaceSymbolClientCapabilities(dynamic_registration=True, symbol_kind=ClientSymbolKindOptions(value_set=(<SymbolKind.File: 1>, <SymbolKind.Module: 2>, <SymbolKind.Namespace: 3>, <SymbolKind.Package: 4>, <SymbolKind.Class: 5>, <SymbolKind.Method: 6>, <SymbolKind.Property: 7>, <SymbolKind.Field: 8>, <SymbolKind.Constructor: 9>, <SymbolKind.Enum: 10>, <SymbolKind.Interface: 11>, <SymbolKind.Function: 12>, <SymbolKind.Variable: 13>, <SymbolKind.Constant: 14>, <SymbolKind.String: 15>, <SymbolKind.Number: 16>, <SymbolKind.Boolean: 17>, <SymbolKind.Array: 18>, <SymbolKind.Object: 19>, <SymbolKind.Key: 20>, <SymbolKind.Null: 21>, <SymbolKind.EnumMember: 22>, <SymbolKind.Struct: 23>, <SymbolKind.Event: 24>, <SymbolKind.Operator: 25>, <SymbolKind.TypeParameter: 26>)), tag_support=ClientSymbolTagOptions(value_set=(<SymbolTag.Deprecated: 1>,)), resolve_support=ClientSymbolResolveOptions(properties=('location.range',))), execute_command=ExecuteCommandClientCapabilities(dynamic_registration=True), workspace_folders=True, configuration=True, semantic_tokens=SemanticTokensWorkspaceClientCapabilities(refresh_support=True), code_lens=CodeLensWorkspaceClientCapabilities(refresh_support=True), file_operations=FileOperationClientCapabilities(dynamic_registration=True, did_create=True, will_create=True, did_rename=True, will_rename=True, did_delete=True, will_delete=True), inline_value=InlineValueWorkspaceClientCapabilities(refresh_support=True), inlay_hint=InlayHintWorkspaceClientCapabilities(refresh_support=True), diagnostics=DiagnosticWorkspaceClientCapabilities(refresh_support=True), folding_range=FoldingRangeWorkspaceClientCapabilities(refresh_support=True), text_document_content=None), text_document=TextDocumentClientCapabilities(synchronization=TextDocumentSyncClientCapabilities(dynamic_registration=True, will_save=True, will_save_wait_until=True, did_save=True), filters=None, completion=CompletionClientCapabilities(dynamic_registration=True, completion_item=ClientCompletionItemOptions(snippet_support=True, commit_characters_support=True, documentation_format=(<MarkupKind.Markdown: 'markdown'>, <MarkupKind.PlainText: 'plaintext'>), deprecated_support=True, preselect_support=True, tag_support=CompletionItemTagOptions(value_set=(<CompletionItemTag.Deprecated: 1>,)), insert_replace_support=True, resolve_support=ClientCompletionItemResolveOptions(properties=('documentation', 'detail', 'additionalTextEdits')), insert_text_mode_support=ClientCompletionItemInsertTextModeOptions(value_set=(<InsertTextMode.AsIs: 1>, <InsertTextMode.AdjustIndentation: 2>)), label_details_support=True), completion_item_kind=ClientCompletionItemOptionsKind(value_set=(1, 2, 3, 4, 5, 6, 7, 8, 9, 10, 11, 12, 13, 14, 15, 16, 17, 18, 19, 20, 21, 22, 23, 24, 25)), insert_text_mode=<InsertTextMode.AdjustIndentation: 2>, context_support=True, completion_list=CompletionListCapabilities(item_defaults=('commitCharacters', 'editRange', 'insertTextFormat', 'insertTextMode', 'data'), apply_kind_support=None)), hover=HoverClientCapabilities(dynamic_registration=True, content_format=(<MarkupKind.Markdown: 'markdown'>, <MarkupKind.PlainText: 'plaintext'>)), signature_help=SignatureHelpClientCapabilities(dynamic_registration=True, signature_information=ClientSignatureInformationOptions(documentation_format=(<MarkupKind.Markdown: 'markdown'>, <MarkupKind.PlainText: 'plaintext'>), parameter_information=ClientSignatureParameterInformationOptions(label_offset_support=True), active_parameter_support=True, no_active_parameter_support=None), context_support=True), declaration=DeclarationClientCapabilities(dynamic_registration=True, link_support=True), definition=DefinitionClientCapabilities(dynamic_registration=True, link_support=True), type_definition=TypeDefinitionClientCapabilities(dynamic_registration=True, link_support=True), implementation=ImplementationClientCapabilities(dynamic_registration=True, link_support=True), references=ReferenceClientCapabilities(dynamic_registration=True), document_highlight=DocumentHighlightClientCapabilities(dynamic_registration=True), document_symbol=DocumentSymbolClientCapabilities(dynamic_registration=True, symbol_kind=ClientSymbolKindOptions(value_set=(<SymbolKind.File: 1>, <SymbolKind.Module: 2>, <SymbolKind.Namespace: 3>, <SymbolKind.Package: 4>, <SymbolKind.Class: 5>, <SymbolKind.Method: 6>, <SymbolKind.Property: 7>, <SymbolKind.Field: 8>, <SymbolKind.Constructor: 9>, <SymbolKind.Enum: 10>, <SymbolKind.Interface: 11>, <SymbolKind.Function: 12>, <SymbolKind.Variable: 13>, <SymbolKind.Constant: 14>, <SymbolKind.String: 15>, <SymbolKind.Number: 16>, <SymbolKind.Boolean: 17>, <SymbolKind.Array: 18>, <SymbolKind.Object: 19>, <SymbolKind.Key: 20>, <SymbolKind.Null: 21>, <SymbolKind.EnumMember: 22>, <SymbolKind.Struct: 23>, <SymbolKind.Event: 24>, <SymbolKind.Operator: 25>, <SymbolKind.TypeParameter: 26>)), hierarchical_document_symbol_support=True, tag_support=ClientSymbolTagOptions(value_set=(<SymbolTag.Deprecated: 1>,)), label_support=True), code_action=CodeActionClientCapabilities(dynamic_registration=True, code_action_literal_support=ClientCodeActionLiteralOptions(code_action_kind=ClientCodeActionKindOptions(value_set=('', 'quickfix', 'refactor', 'refactor.extract', 'refactor.inline', 'refactor.rewrite', 'source', 'source.organizeImports'))), is_preferred_support=True, disabled_support=True, data_support=True, resolve_support=ClientCodeActionResolveOptions(properties=('edit',)), honors_change_annotations=True, documentation_support=None, tag_support=None), code_lens=CodeLensClientCapabilities(dynamic_registration=True, resolve_support=None), document_link=DocumentLinkClientCapabilities(dynamic_registration=True, tooltip_support=True), color_provider=DocumentColorClientCapabilities(dynamic_registration=True), formatting=DocumentFormattingClientCapabilities(dynamic_registration=True), range_formatting=DocumentRangeFormattingClientCapabilities(dynamic_registration=True, ranges_support=True), on_type_formatting=DocumentOnTypeFormattingClientCapabilities(dynamic_registration=True), rename=RenameClientCapabilities(dynamic_registration=True, prepare_support=True, prepare_support_default_behavior=<PrepareSupportDefaultBehavior.Identifier: 1>, honors_change_annotations=True), folding_range=FoldingRangeClientCapabilities(dynamic_registration=True, range_limit=5000, line_folding_only=True, folding_range_kind=ClientFoldingRangeKindOptions(value_set=('comment', 'imports', 'region')), folding_range=ClientFoldingRangeOptions(collapsed_text=False)), selection_range=SelectionRangeClientCapabilities(dynamic_registration=True), publish_diagnostics=PublishDiagnosticsClientCapabilities(version_support=False, related_information=True, tag_support=ClientDiagnosticsTagOptions(value_set=(<DiagnosticTag.Unnecessary: 1>, <DiagnosticTag.Deprecated: 2>)), code_description_support=True, data_support=True), call_hierarchy=CallHierarchyClientCapabilities(dynamic_registration=True), semantic_tokens=SemanticTokensClientCapabilities(requests=ClientSemanticTokensRequestOptions(range=True, full=ClientSemanticTokensRequestFullDelta(delta=True)), token_types=('namespace', 'type', 'class', 'enum', 'interface', 'struct', 'typeParameter', 'parameter', 'variable', 'property', 'enumMember', 'event', 'function', 'method', 'macro', 'keyword', 'modifier', 'comment', 'string', 'number', 'regexp', 'operator', 'decorator'), token_modifiers=('declaration', 'definition', 'readonly', 'static', 'deprecated', 'abstract', 'async', 'modification', 'documentation', 'defaultLibrary'), formats=(<TokenFormat.Relative: 'relative'>,), dynamic_registration=True, overlapping_token_support=False, multiline_token_support=False, server_cancel_support=True, augments_syntax_tokens=True), linked_editing_range=LinkedEditingRangeClientCapabilities(dynamic_registration=True), moniker=None, type_hierarchy=TypeHierarchyClientCapabilities(dynamic_registration=True), inline_value=InlineValueClientCapabilities(dynamic_registration=True), inlay_hint=InlayHintClientCapabilities(dynamic_registration=True, resolve_support=ClientInlayHintResolveOptions(properties=('tooltip', 'textEdits', 'label.tooltip', 'label.location', 'label.command'))), diagnostic=DiagnosticClientCapabilities(dynamic_registration=True, related_document_support=False, related_information=None, tag_support=None, code_description_support=None, data_support=None), inline_completion=None), notebook_document=NotebookDocumentClientCapabilities(synchronization=NotebookDocumentSyncClientCapabilities(dynamic_registration=True, execution_summary_support=True)), window=WindowClientCapabilities(work_done_progress=True, show_message=ShowMessageRequestClientCapabilities(message_action_item=ClientShowMessageActionItemOptions(additional_properties_support=True)), show_document=ShowDocumentClientCapabilities(support=True)), general=GeneralClientCapabilities(stale_request_support=StaleRequestSupportOptions(cancel=True, retry_on_content_modified=('textDocument/semanticTokens/full', 'textDocument/semanticTokens/range', 'textDocument/semanticTokens/full/delta')), regular_expressions=RegularExpressionsClientCapabilities(engine='ECMAScript', version='ES2020'), markdown=MarkdownClientCapabilities(parser='marked', version='1.1.0', allowed_tags=None), position_encodings=('utf-16',)), experimental=None), process_id=27692, client_info=ClientInfo(name='Visual Studio Code', version='1.111.0'), locale='en', root_path='c:\\Users\\likit\\OneDrive\\Documents\\projects\\Audiocomments\\tests', root_uri='file:///c%3A/Users/likit/OneDrive/Documents/projects/Audiocomments/tests', initialization_options=None, trace=<TraceValue.Off: 'off'>, work_done_token=None, workspace_folders=(WorkspaceFolder(uri='file:///c%3A/Users/likit/OneDrive/Documents/projects/Audiocomments/tests', name='tests'),))
2026-03-21 05:10:03,325 SpeakLine LSP server initializing...
2026-03-21 05:10:03,344 Server capabilities: {"positionEncoding": "utf-16", "textDocumentSync": {"openClose": true, "change": 2, "willSave": false, "willSaveWaitUntil": false, "save": false}, "executeCommandProvider": {"commands": ["speakline.recordAtCursor", "speakline.recordAtCursorPreview", "speakline.transcribeOnly", "speakline.insertComment"]}, "workspace": {"workspaceFolders": {"supported": true, "changeNotifications": true}, "fileOperations": {}}}
2026-03-21 05:10:03,356 Sending data: {"id": 0, "jsonrpc": "2.0", "result": {"capabilities": {"positionEncoding": "utf-16", "textDocumentSync": {"openClose": true, "change": 2, "willSave": false, "willSaveWaitUntil": false, "save": false}, "executeCommandProvider": {"commands": ["speakline.recordAtCursor", "speakline.recordAtCursorPreview", "speakline.transcribeOnly", "speakline.insertComment"]}, "workspace": {"workspaceFolders": {"supported": true, "changeNotifications": true}, "fileOperations": {}}}, "serverInfo": {"name": "speakline-lsp", "version": "v0.2.0"}}}
2026-03-21 05:10:03,493 Content length: 52
2026-03-21 05:10:03,496 Notification 'initialized' received
2026-03-21 05:10:03,575 Content length: 44
2026-03-21 05:10:03,577 Request 'shutdown' received
2026-03-21 05:10:03,578 Sending data: {"id": 1, "jsonrpc": "2.0", "result": null}
2026-03-21 05:10:03,660 Content length: 33
2026-03-21 05:10:03,662 Notification 'exit' received
2026-03-21 05:10:03,663 Unhandled exception in client_connected_cb
transport: <_ProactorSocketTransport closed>
Traceback (most recent call last):
  File "C:\Users\likit\anaconda3\Lib\asyncio\runners.py", line 195, in run
    return runner.run(main)
           ~~~~~~~~~~^^^^^^
  File "C:\Users\likit\anaconda3\Lib\asyncio\runners.py", line 118, in run
    return self._loop.run_until_complete(task)
           ~~~~~~~~~~~~~~~~~~~~~~~~~~~~~^^^^^^
  File "C:\Users\likit\anaconda3\Lib\asyncio\base_events.py", line 712, in run_until_complete
    self.run_forever()
    ~~~~~~~~~~~~~~~~^^
  File "C:\Users\likit\anaconda3\Lib\asyncio\base_events.py", line 683, in run_forever
    self._run_once()
    ~~~~~~~~~~~~~~^^
  File "C:\Users\likit\anaconda3\Lib\asyncio\base_events.py", line 2042, in _run_once
    handle._run()
    ~~~~~~~~~~~^^
  File "C:\Users\likit\anaconda3\Lib\asyncio\events.py", line 89, in _run
    self._context.run(self._callback, *self._args)
    ~~~~~~~~~~~~~~~~~^^^^^^^^^^^^^^^^^^^^^^^^^^^^^
  File "C:\Users\likit\anaconda3\Lib\site-packages\pygls\server.py", line 182, in lsp_connection
    await run_async(
    ...<5 lines>...
    )
  File "C:\Users\likit\anaconda3\Lib\site-packages\pygls\io_.py", line 167, in run_async
    protocol.handle_message(message)
    ~~~~~~~~~~~~~~~~~~~~~~~^^^^^^^^^
  File "C:\Users\likit\anaconda3\Lib\site-packages\pygls\protocol\json_rpc.py", line 509, in handle_message
    ctx.run(self._handle_notification, message.method, message.params)
    ~~~~~~~^^^^^^^^^^^^^^^^^^^^^^^^^^^^^^^^^^^^^^^^^^^^^^^^^^^^^^^^^^^
  File "C:\Users\likit\anaconda3\Lib\site-packages\pygls\protocol\json_rpc.py", line 362, in _handle_notification
    self._execute_handler(
    ~~~~~~~~~~~~~~~~~~~~~^
        msg_id=str(uuid.uuid4()),
        ^^^^^^^^^^^^^^^^^^^^^^^^^
    ...<2 lines>...
        callback=self._check_handler_result,
        ^^^^^^^^^^^^^^^^^^^^^^^^^^^^^^^^^^^^
    )
    ^
  File "C:\Users\likit\anaconda3\Lib\site-packages\pygls\protocol\json_rpc.py", line 223, in _execute_handler
    self._run_generator(
    ~~~~~~~~~~~~~~~~~~~^
        future=None, gen=handler(*args, **kwargs), result_future=future
        ^^^^^^^^^^^^^^^^^^^^^^^^^^^^^^^^^^^^^^^^^^^^^^^^^^^^^^^^^^^^^^^
    )
    ^
  File "C:\Users\likit\anaconda3\Lib\site-packages\pygls\protocol\json_rpc.py", line 274, in _run_generator
    handler, args, kwargs = gen.send(value)
                            ~~~~~~~~^^^^^^^
  File "C:\Users\likit\anaconda3\Lib\site-packages\pygls\protocol\language_server.py", line 132, in lsp_exit
    sys.exit(returncode)
    ~~~~~~~~^^^^^^^^^^^^
SystemExit: 0
2026-03-21 05:15:07,657 Starting TCP server on 127.0.0.1:8473
2026-03-21 05:15:07,657 Using proactor: IocpProactor
2026-03-21 05:15:07,658 Serving on ('127.0.0.1', 8473)
2026-03-21 05:18:22,341 Connected to client
2026-03-21 05:18:22,360 Content length: 5984
2026-03-21 05:18:22,434 Request 'initialize' received
2026-03-21 05:18:22,434 Language server initialized InitializeParams(capabilities=ClientCapabilities(workspace=WorkspaceClientCapabilities(apply_edit=True, workspace_edit=WorkspaceEditClientCapabilities(document_changes=True, resource_operations=(<ResourceOperationKind.Create: 'create'>, <ResourceOperationKind.Rename: 'rename'>, <ResourceOperationKind.Delete: 'delete'>), failure_handling=<FailureHandlingKind.TextOnlyTransactional: 'textOnlyTransactional'>, normalizes_line_endings=True, change_annotation_support=ChangeAnnotationsSupportOptions(groups_on_label=True), metadata_support=None, snippet_edit_support=None), did_change_configuration=DidChangeConfigurationClientCapabilities(dynamic_registration=True), did_change_watched_files=DidChangeWatchedFilesClientCapabilities(dynamic_registration=True, relative_pattern_support=True), symbol=WorkspaceSymbolClientCapabilities(dynamic_registration=True, symbol_kind=ClientSymbolKindOptions(value_set=(<SymbolKind.File: 1>, <SymbolKind.Module: 2>, <SymbolKind.Namespace: 3>, <SymbolKind.Package: 4>, <SymbolKind.Class: 5>, <SymbolKind.Method: 6>, <SymbolKind.Property: 7>, <SymbolKind.Field: 8>, <SymbolKind.Constructor: 9>, <SymbolKind.Enum: 10>, <SymbolKind.Interface: 11>, <SymbolKind.Function: 12>, <SymbolKind.Variable: 13>, <SymbolKind.Constant: 14>, <SymbolKind.String: 15>, <SymbolKind.Number: 16>, <SymbolKind.Boolean: 17>, <SymbolKind.Array: 18>, <SymbolKind.Object: 19>, <SymbolKind.Key: 20>, <SymbolKind.Null: 21>, <SymbolKind.EnumMember: 22>, <SymbolKind.Struct: 23>, <SymbolKind.Event: 24>, <SymbolKind.Operator: 25>, <SymbolKind.TypeParameter: 26>)), tag_support=ClientSymbolTagOptions(value_set=(<SymbolTag.Deprecated: 1>,)), resolve_support=ClientSymbolResolveOptions(properties=('location.range',))), execute_command=ExecuteCommandClientCapabilities(dynamic_registration=True), workspace_folders=True, configuration=True, semantic_tokens=SemanticTokensWorkspaceClientCapabilities(refresh_support=True), code_lens=CodeLensWorkspaceClientCapabilities(refresh_support=True), file_operations=FileOperationClientCapabilities(dynamic_registration=True, did_create=True, will_create=True, did_rename=True, will_rename=True, did_delete=True, will_delete=True), inline_value=InlineValueWorkspaceClientCapabilities(refresh_support=True), inlay_hint=InlayHintWorkspaceClientCapabilities(refresh_support=True), diagnostics=DiagnosticWorkspaceClientCapabilities(refresh_support=True), folding_range=FoldingRangeWorkspaceClientCapabilities(refresh_support=True), text_document_content=None), text_document=TextDocumentClientCapabilities(synchronization=TextDocumentSyncClientCapabilities(dynamic_registration=True, will_save=True, will_save_wait_until=True, did_save=True), filters=None, completion=CompletionClientCapabilities(dynamic_registration=True, completion_item=ClientCompletionItemOptions(snippet_support=True, commit_characters_support=True, documentation_format=(<MarkupKind.Markdown: 'markdown'>, <MarkupKind.PlainText: 'plaintext'>), deprecated_support=True, preselect_support=True, tag_support=CompletionItemTagOptions(value_set=(<CompletionItemTag.Deprecated: 1>,)), insert_replace_support=True, resolve_support=ClientCompletionItemResolveOptions(properties=('documentation', 'detail', 'additionalTextEdits')), insert_text_mode_support=ClientCompletionItemInsertTextModeOptions(value_set=(<InsertTextMode.AsIs: 1>, <InsertTextMode.AdjustIndentation: 2>)), label_details_support=True), completion_item_kind=ClientCompletionItemOptionsKind(value_set=(1, 2, 3, 4, 5, 6, 7, 8, 9, 10, 11, 12, 13, 14, 15, 16, 17, 18, 19, 20, 21, 22, 23, 24, 25)), insert_text_mode=<InsertTextMode.AdjustIndentation: 2>, context_support=True, completion_list=CompletionListCapabilities(item_defaults=('commitCharacters', 'editRange', 'insertTextFormat', 'insertTextMode', 'data'), apply_kind_support=None)), hover=HoverClientCapabilities(dynamic_registration=True, content_format=(<MarkupKind.Markdown: 'markdown'>, <MarkupKind.PlainText: 'plaintext'>)), signature_help=SignatureHelpClientCapabilities(dynamic_registration=True, signature_information=ClientSignatureInformationOptions(documentation_format=(<MarkupKind.Markdown: 'markdown'>, <MarkupKind.PlainText: 'plaintext'>), parameter_information=ClientSignatureParameterInformationOptions(label_offset_support=True), active_parameter_support=True, no_active_parameter_support=None), context_support=True), declaration=DeclarationClientCapabilities(dynamic_registration=True, link_support=True), definition=DefinitionClientCapabilities(dynamic_registration=True, link_support=True), type_definition=TypeDefinitionClientCapabilities(dynamic_registration=True, link_support=True), implementation=ImplementationClientCapabilities(dynamic_registration=True, link_support=True), references=ReferenceClientCapabilities(dynamic_registration=True), document_highlight=DocumentHighlightClientCapabilities(dynamic_registration=True), document_symbol=DocumentSymbolClientCapabilities(dynamic_registration=True, symbol_kind=ClientSymbolKindOptions(value_set=(<SymbolKind.File: 1>, <SymbolKind.Module: 2>, <SymbolKind.Namespace: 3>, <SymbolKind.Package: 4>, <SymbolKind.Class: 5>, <SymbolKind.Method: 6>, <SymbolKind.Property: 7>, <SymbolKind.Field: 8>, <SymbolKind.Constructor: 9>, <SymbolKind.Enum: 10>, <SymbolKind.Interface: 11>, <SymbolKind.Function: 12>, <SymbolKind.Variable: 13>, <SymbolKind.Constant: 14>, <SymbolKind.String: 15>, <SymbolKind.Number: 16>, <SymbolKind.Boolean: 17>, <SymbolKind.Array: 18>, <SymbolKind.Object: 19>, <SymbolKind.Key: 20>, <SymbolKind.Null: 21>, <SymbolKind.EnumMember: 22>, <SymbolKind.Struct: 23>, <SymbolKind.Event: 24>, <SymbolKind.Operator: 25>, <SymbolKind.TypeParameter: 26>)), hierarchical_document_symbol_support=True, tag_support=ClientSymbolTagOptions(value_set=(<SymbolTag.Deprecated: 1>,)), label_support=True), code_action=CodeActionClientCapabilities(dynamic_registration=True, code_action_literal_support=ClientCodeActionLiteralOptions(code_action_kind=ClientCodeActionKindOptions(value_set=('', 'quickfix', 'refactor', 'refactor.extract', 'refactor.inline', 'refactor.rewrite', 'source', 'source.organizeImports'))), is_preferred_support=True, disabled_support=True, data_support=True, resolve_support=ClientCodeActionResolveOptions(properties=('edit',)), honors_change_annotations=True, documentation_support=None, tag_support=None), code_lens=CodeLensClientCapabilities(dynamic_registration=True, resolve_support=None), document_link=DocumentLinkClientCapabilities(dynamic_registration=True, tooltip_support=True), color_provider=DocumentColorClientCapabilities(dynamic_registration=True), formatting=DocumentFormattingClientCapabilities(dynamic_registration=True), range_formatting=DocumentRangeFormattingClientCapabilities(dynamic_registration=True, ranges_support=True), on_type_formatting=DocumentOnTypeFormattingClientCapabilities(dynamic_registration=True), rename=RenameClientCapabilities(dynamic_registration=True, prepare_support=True, prepare_support_default_behavior=<PrepareSupportDefaultBehavior.Identifier: 1>, honors_change_annotations=True), folding_range=FoldingRangeClientCapabilities(dynamic_registration=True, range_limit=5000, line_folding_only=True, folding_range_kind=ClientFoldingRangeKindOptions(value_set=('comment', 'imports', 'region')), folding_range=ClientFoldingRangeOptions(collapsed_text=False)), selection_range=SelectionRangeClientCapabilities(dynamic_registration=True), publish_diagnostics=PublishDiagnosticsClientCapabilities(version_support=False, related_information=True, tag_support=ClientDiagnosticsTagOptions(value_set=(<DiagnosticTag.Unnecessary: 1>, <DiagnosticTag.Deprecated: 2>)), code_description_support=True, data_support=True), call_hierarchy=CallHierarchyClientCapabilities(dynamic_registration=True), semantic_tokens=SemanticTokensClientCapabilities(requests=ClientSemanticTokensRequestOptions(range=True, full=ClientSemanticTokensRequestFullDelta(delta=True)), token_types=('namespace', 'type', 'class', 'enum', 'interface', 'struct', 'typeParameter', 'parameter', 'variable', 'property', 'enumMember', 'event', 'function', 'method', 'macro', 'keyword', 'modifier', 'comment', 'string', 'number', 'regexp', 'operator', 'decorator'), token_modifiers=('declaration', 'definition', 'readonly', 'static', 'deprecated', 'abstract', 'async', 'modification', 'documentation', 'defaultLibrary'), formats=(<TokenFormat.Relative: 'relative'>,), dynamic_registration=True, overlapping_token_support=False, multiline_token_support=False, server_cancel_support=True, augments_syntax_tokens=True), linked_editing_range=LinkedEditingRangeClientCapabilities(dynamic_registration=True), moniker=None, type_hierarchy=TypeHierarchyClientCapabilities(dynamic_registration=True), inline_value=InlineValueClientCapabilities(dynamic_registration=True), inlay_hint=InlayHintClientCapabilities(dynamic_registration=True, resolve_support=ClientInlayHintResolveOptions(properties=('tooltip', 'textEdits', 'label.tooltip', 'label.location', 'label.command'))), diagnostic=DiagnosticClientCapabilities(dynamic_registration=True, related_document_support=False, related_information=None, tag_support=None, code_description_support=None, data_support=None), inline_completion=None), notebook_document=NotebookDocumentClientCapabilities(synchronization=NotebookDocumentSyncClientCapabilities(dynamic_registration=True, execution_summary_support=True)), window=WindowClientCapabilities(work_done_progress=True, show_message=ShowMessageRequestClientCapabilities(message_action_item=ClientShowMessageActionItemOptions(additional_properties_support=True)), show_document=ShowDocumentClientCapabilities(support=True)), general=GeneralClientCapabilities(stale_request_support=StaleRequestSupportOptions(cancel=True, retry_on_content_modified=('textDocument/semanticTokens/full', 'textDocument/semanticTokens/range', 'textDocument/semanticTokens/full/delta')), regular_expressions=RegularExpressionsClientCapabilities(engine='ECMAScript', version='ES2020'), markdown=MarkdownClientCapabilities(parser='marked', version='1.1.0', allowed_tags=None), position_encodings=('utf-16',)), experimental=None), process_id=20260, client_info=ClientInfo(name='Visual Studio Code', version='1.111.0'), locale='en', root_path='c:\\Users\\likit\\OneDrive\\Documents\\projects\\Audiocomments\\tests', root_uri='file:///c%3A/Users/likit/OneDrive/Documents/projects/Audiocomments/tests', initialization_options=None, trace=<TraceValue.Off: 'off'>, work_done_token=None, workspace_folders=(WorkspaceFolder(uri='file:///c%3A/Users/likit/OneDrive/Documents/projects/Audiocomments/tests', name='tests'),))
2026-03-21 05:18:22,436 SpeakLine LSP server initializing...
2026-03-21 05:18:22,446 Server capabilities: {"positionEncoding": "utf-16", "textDocumentSync": {"openClose": true, "change": 2, "willSave": false, "willSaveWaitUntil": false, "save": false}, "executeCommandProvider": {"commands": ["speakline.recordAtCursor", "speakline.recordAtCursorPreview", "speakline.transcribeOnly", "speakline.insertComment"]}, "workspace": {"workspaceFolders": {"supported": true, "changeNotifications": true}, "fileOperations": {}}}
2026-03-21 05:18:22,454 Sending data: {"id": 0, "jsonrpc": "2.0", "result": {"capabilities": {"positionEncoding": "utf-16", "textDocumentSync": {"openClose": true, "change": 2, "willSave": false, "willSaveWaitUntil": false, "save": false}, "executeCommandProvider": {"commands": ["speakline.recordAtCursor", "speakline.recordAtCursorPreview", "speakline.transcribeOnly", "speakline.insertComment"]}, "workspace": {"workspaceFolders": {"supported": true, "changeNotifications": true}, "fileOperations": {}}}, "serverInfo": {"name": "speakline-lsp", "version": "v0.2.0"}}}
2026-03-21 05:18:22,464 Content length: 52
2026-03-21 05:18:22,465 Notification 'initialized' received
2026-03-21 05:18:22,483 Content length: 44
2026-03-21 05:18:22,484 Request 'shutdown' received
2026-03-21 05:18:22,485 Sending data: {"id": 1, "jsonrpc": "2.0", "result": null}
2026-03-21 05:18:22,558 Content length: 33
2026-03-21 05:18:22,559 Notification 'exit' received
2026-03-21 05:18:22,560 Unhandled exception in client_connected_cb
transport: <_ProactorSocketTransport closed>
Traceback (most recent call last):
  File "C:\Users\likit\anaconda3\Lib\asyncio\runners.py", line 195, in run
    return runner.run(main)
           ~~~~~~~~~~^^^^^^
  File "C:\Users\likit\anaconda3\Lib\asyncio\runners.py", line 118, in run
    return self._loop.run_until_complete(task)
           ~~~~~~~~~~~~~~~~~~~~~~~~~~~~~^^^^^^
  File "C:\Users\likit\anaconda3\Lib\asyncio\base_events.py", line 712, in run_until_complete
    self.run_forever()
    ~~~~~~~~~~~~~~~~^^
  File "C:\Users\likit\anaconda3\Lib\asyncio\base_events.py", line 683, in run_forever
    self._run_once()
    ~~~~~~~~~~~~~~^^
  File "C:\Users\likit\anaconda3\Lib\asyncio\base_events.py", line 2042, in _run_once
    handle._run()
    ~~~~~~~~~~~^^
  File "C:\Users\likit\anaconda3\Lib\asyncio\events.py", line 89, in _run
    self._context.run(self._callback, *self._args)
    ~~~~~~~~~~~~~~~~~^^^^^^^^^^^^^^^^^^^^^^^^^^^^^
  File "C:\Users\likit\anaconda3\Lib\site-packages\pygls\server.py", line 182, in lsp_connection
    await run_async(
    ...<5 lines>...
    )
  File "C:\Users\likit\anaconda3\Lib\site-packages\pygls\io_.py", line 167, in run_async
    protocol.handle_message(message)
    ~~~~~~~~~~~~~~~~~~~~~~~^^^^^^^^^
  File "C:\Users\likit\anaconda3\Lib\site-packages\pygls\protocol\json_rpc.py", line 509, in handle_message
    ctx.run(self._handle_notification, message.method, message.params)
    ~~~~~~~^^^^^^^^^^^^^^^^^^^^^^^^^^^^^^^^^^^^^^^^^^^^^^^^^^^^^^^^^^^
  File "C:\Users\likit\anaconda3\Lib\site-packages\pygls\protocol\json_rpc.py", line 362, in _handle_notification
    self._execute_handler(
    ~~~~~~~~~~~~~~~~~~~~~^
        msg_id=str(uuid.uuid4()),
        ^^^^^^^^^^^^^^^^^^^^^^^^^
    ...<2 lines>...
        callback=self._check_handler_result,
        ^^^^^^^^^^^^^^^^^^^^^^^^^^^^^^^^^^^^
    )
    ^
  File "C:\Users\likit\anaconda3\Lib\site-packages\pygls\protocol\json_rpc.py", line 223, in _execute_handler
    self._run_generator(
    ~~~~~~~~~~~~~~~~~~~^
        future=None, gen=handler(*args, **kwargs), result_future=future
        ^^^^^^^^^^^^^^^^^^^^^^^^^^^^^^^^^^^^^^^^^^^^^^^^^^^^^^^^^^^^^^^
    )
    ^
  File "C:\Users\likit\anaconda3\Lib\site-packages\pygls\protocol\json_rpc.py", line 274, in _run_generator
    handler, args, kwargs = gen.send(value)
                            ~~~~~~~~^^^^^^^
  File "C:\Users\likit\anaconda3\Lib\site-packages\pygls\protocol\language_server.py", line 132, in lsp_exit
    sys.exit(returncode)
    ~~~~~~~~^^^^^^^^^^^^
SystemExit: 0
2026-03-21 05:19:53,863 Starting TCP server on 127.0.0.1:8473
2026-03-21 05:19:53,863 Using proactor: IocpProactor
2026-03-21 05:19:53,864 Serving on ('127.0.0.1', 8473)
2026-03-21 05:26:42,756 Connected to client
2026-03-21 05:26:43,200 Content length: 5983
2026-03-21 05:26:43,276 Request 'initialize' received
2026-03-21 05:26:43,276 Language server initialized InitializeParams(capabilities=ClientCapabilities(workspace=WorkspaceClientCapabilities(apply_edit=True, workspace_edit=WorkspaceEditClientCapabilities(document_changes=True, resource_operations=(<ResourceOperationKind.Create: 'create'>, <ResourceOperationKind.Rename: 'rename'>, <ResourceOperationKind.Delete: 'delete'>), failure_handling=<FailureHandlingKind.TextOnlyTransactional: 'textOnlyTransactional'>, normalizes_line_endings=True, change_annotation_support=ChangeAnnotationsSupportOptions(groups_on_label=True), metadata_support=None, snippet_edit_support=None), did_change_configuration=DidChangeConfigurationClientCapabilities(dynamic_registration=True), did_change_watched_files=DidChangeWatchedFilesClientCapabilities(dynamic_registration=True, relative_pattern_support=True), symbol=WorkspaceSymbolClientCapabilities(dynamic_registration=True, symbol_kind=ClientSymbolKindOptions(value_set=(<SymbolKind.File: 1>, <SymbolKind.Module: 2>, <SymbolKind.Namespace: 3>, <SymbolKind.Package: 4>, <SymbolKind.Class: 5>, <SymbolKind.Method: 6>, <SymbolKind.Property: 7>, <SymbolKind.Field: 8>, <SymbolKind.Constructor: 9>, <SymbolKind.Enum: 10>, <SymbolKind.Interface: 11>, <SymbolKind.Function: 12>, <SymbolKind.Variable: 13>, <SymbolKind.Constant: 14>, <SymbolKind.String: 15>, <SymbolKind.Number: 16>, <SymbolKind.Boolean: 17>, <SymbolKind.Array: 18>, <SymbolKind.Object: 19>, <SymbolKind.Key: 20>, <SymbolKind.Null: 21>, <SymbolKind.EnumMember: 22>, <SymbolKind.Struct: 23>, <SymbolKind.Event: 24>, <SymbolKind.Operator: 25>, <SymbolKind.TypeParameter: 26>)), tag_support=ClientSymbolTagOptions(value_set=(<SymbolTag.Deprecated: 1>,)), resolve_support=ClientSymbolResolveOptions(properties=('location.range',))), execute_command=ExecuteCommandClientCapabilities(dynamic_registration=True), workspace_folders=True, configuration=True, semantic_tokens=SemanticTokensWorkspaceClientCapabilities(refresh_support=True), code_lens=CodeLensWorkspaceClientCapabilities(refresh_support=True), file_operations=FileOperationClientCapabilities(dynamic_registration=True, did_create=True, will_create=True, did_rename=True, will_rename=True, did_delete=True, will_delete=True), inline_value=InlineValueWorkspaceClientCapabilities(refresh_support=True), inlay_hint=InlayHintWorkspaceClientCapabilities(refresh_support=True), diagnostics=DiagnosticWorkspaceClientCapabilities(refresh_support=True), folding_range=FoldingRangeWorkspaceClientCapabilities(refresh_support=True), text_document_content=None), text_document=TextDocumentClientCapabilities(synchronization=TextDocumentSyncClientCapabilities(dynamic_registration=True, will_save=True, will_save_wait_until=True, did_save=True), filters=None, completion=CompletionClientCapabilities(dynamic_registration=True, completion_item=ClientCompletionItemOptions(snippet_support=True, commit_characters_support=True, documentation_format=(<MarkupKind.Markdown: 'markdown'>, <MarkupKind.PlainText: 'plaintext'>), deprecated_support=True, preselect_support=True, tag_support=CompletionItemTagOptions(value_set=(<CompletionItemTag.Deprecated: 1>,)), insert_replace_support=True, resolve_support=ClientCompletionItemResolveOptions(properties=('documentation', 'detail', 'additionalTextEdits')), insert_text_mode_support=ClientCompletionItemInsertTextModeOptions(value_set=(<InsertTextMode.AsIs: 1>, <InsertTextMode.AdjustIndentation: 2>)), label_details_support=True), completion_item_kind=ClientCompletionItemOptionsKind(value_set=(1, 2, 3, 4, 5, 6, 7, 8, 9, 10, 11, 12, 13, 14, 15, 16, 17, 18, 19, 20, 21, 22, 23, 24, 25)), insert_text_mode=<InsertTextMode.AdjustIndentation: 2>, context_support=True, completion_list=CompletionListCapabilities(item_defaults=('commitCharacters', 'editRange', 'insertTextFormat', 'insertTextMode', 'data'), apply_kind_support=None)), hover=HoverClientCapabilities(dynamic_registration=True, content_format=(<MarkupKind.Markdown: 'markdown'>, <MarkupKind.PlainText: 'plaintext'>)), signature_help=SignatureHelpClientCapabilities(dynamic_registration=True, signature_information=ClientSignatureInformationOptions(documentation_format=(<MarkupKind.Markdown: 'markdown'>, <MarkupKind.PlainText: 'plaintext'>), parameter_information=ClientSignatureParameterInformationOptions(label_offset_support=True), active_parameter_support=True, no_active_parameter_support=None), context_support=True), declaration=DeclarationClientCapabilities(dynamic_registration=True, link_support=True), definition=DefinitionClientCapabilities(dynamic_registration=True, link_support=True), type_definition=TypeDefinitionClientCapabilities(dynamic_registration=True, link_support=True), implementation=ImplementationClientCapabilities(dynamic_registration=True, link_support=True), references=ReferenceClientCapabilities(dynamic_registration=True), document_highlight=DocumentHighlightClientCapabilities(dynamic_registration=True), document_symbol=DocumentSymbolClientCapabilities(dynamic_registration=True, symbol_kind=ClientSymbolKindOptions(value_set=(<SymbolKind.File: 1>, <SymbolKind.Module: 2>, <SymbolKind.Namespace: 3>, <SymbolKind.Package: 4>, <SymbolKind.Class: 5>, <SymbolKind.Method: 6>, <SymbolKind.Property: 7>, <SymbolKind.Field: 8>, <SymbolKind.Constructor: 9>, <SymbolKind.Enum: 10>, <SymbolKind.Interface: 11>, <SymbolKind.Function: 12>, <SymbolKind.Variable: 13>, <SymbolKind.Constant: 14>, <SymbolKind.String: 15>, <SymbolKind.Number: 16>, <SymbolKind.Boolean: 17>, <SymbolKind.Array: 18>, <SymbolKind.Object: 19>, <SymbolKind.Key: 20>, <SymbolKind.Null: 21>, <SymbolKind.EnumMember: 22>, <SymbolKind.Struct: 23>, <SymbolKind.Event: 24>, <SymbolKind.Operator: 25>, <SymbolKind.TypeParameter: 26>)), hierarchical_document_symbol_support=True, tag_support=ClientSymbolTagOptions(value_set=(<SymbolTag.Deprecated: 1>,)), label_support=True), code_action=CodeActionClientCapabilities(dynamic_registration=True, code_action_literal_support=ClientCodeActionLiteralOptions(code_action_kind=ClientCodeActionKindOptions(value_set=('', 'quickfix', 'refactor', 'refactor.extract', 'refactor.inline', 'refactor.rewrite', 'source', 'source.organizeImports'))), is_preferred_support=True, disabled_support=True, data_support=True, resolve_support=ClientCodeActionResolveOptions(properties=('edit',)), honors_change_annotations=True, documentation_support=None, tag_support=None), code_lens=CodeLensClientCapabilities(dynamic_registration=True, resolve_support=None), document_link=DocumentLinkClientCapabilities(dynamic_registration=True, tooltip_support=True), color_provider=DocumentColorClientCapabilities(dynamic_registration=True), formatting=DocumentFormattingClientCapabilities(dynamic_registration=True), range_formatting=DocumentRangeFormattingClientCapabilities(dynamic_registration=True, ranges_support=True), on_type_formatting=DocumentOnTypeFormattingClientCapabilities(dynamic_registration=True), rename=RenameClientCapabilities(dynamic_registration=True, prepare_support=True, prepare_support_default_behavior=<PrepareSupportDefaultBehavior.Identifier: 1>, honors_change_annotations=True), folding_range=FoldingRangeClientCapabilities(dynamic_registration=True, range_limit=5000, line_folding_only=True, folding_range_kind=ClientFoldingRangeKindOptions(value_set=('comment', 'imports', 'region')), folding_range=ClientFoldingRangeOptions(collapsed_text=False)), selection_range=SelectionRangeClientCapabilities(dynamic_registration=True), publish_diagnostics=PublishDiagnosticsClientCapabilities(version_support=False, related_information=True, tag_support=ClientDiagnosticsTagOptions(value_set=(<DiagnosticTag.Unnecessary: 1>, <DiagnosticTag.Deprecated: 2>)), code_description_support=True, data_support=True), call_hierarchy=CallHierarchyClientCapabilities(dynamic_registration=True), semantic_tokens=SemanticTokensClientCapabilities(requests=ClientSemanticTokensRequestOptions(range=True, full=ClientSemanticTokensRequestFullDelta(delta=True)), token_types=('namespace', 'type', 'class', 'enum', 'interface', 'struct', 'typeParameter', 'parameter', 'variable', 'property', 'enumMember', 'event', 'function', 'method', 'macro', 'keyword', 'modifier', 'comment', 'string', 'number', 'regexp', 'operator', 'decorator'), token_modifiers=('declaration', 'definition', 'readonly', 'static', 'deprecated', 'abstract', 'async', 'modification', 'documentation', 'defaultLibrary'), formats=(<TokenFormat.Relative: 'relative'>,), dynamic_registration=True, overlapping_token_support=False, multiline_token_support=False, server_cancel_support=True, augments_syntax_tokens=True), linked_editing_range=LinkedEditingRangeClientCapabilities(dynamic_registration=True), moniker=None, type_hierarchy=TypeHierarchyClientCapabilities(dynamic_registration=True), inline_value=InlineValueClientCapabilities(dynamic_registration=True), inlay_hint=InlayHintClientCapabilities(dynamic_registration=True, resolve_support=ClientInlayHintResolveOptions(properties=('tooltip', 'textEdits', 'label.tooltip', 'label.location', 'label.command'))), diagnostic=DiagnosticClientCapabilities(dynamic_registration=True, related_document_support=False, related_information=None, tag_support=None, code_description_support=None, data_support=None), inline_completion=None), notebook_document=NotebookDocumentClientCapabilities(synchronization=NotebookDocumentSyncClientCapabilities(dynamic_registration=True, execution_summary_support=True)), window=WindowClientCapabilities(work_done_progress=True, show_message=ShowMessageRequestClientCapabilities(message_action_item=ClientShowMessageActionItemOptions(additional_properties_support=True)), show_document=ShowDocumentClientCapabilities(support=True)), general=GeneralClientCapabilities(stale_request_support=StaleRequestSupportOptions(cancel=True, retry_on_content_modified=('textDocument/semanticTokens/full', 'textDocument/semanticTokens/range', 'textDocument/semanticTokens/full/delta')), regular_expressions=RegularExpressionsClientCapabilities(engine='ECMAScript', version='ES2020'), markdown=MarkdownClientCapabilities(parser='marked', version='1.1.0', allowed_tags=None), position_encodings=('utf-16',)), experimental=None), process_id=8396, client_info=ClientInfo(name='Visual Studio Code', version='1.111.0'), locale='en', root_path='c:\\Users\\likit\\OneDrive\\Documents\\projects\\Audiocomments\\tests', root_uri='file:///c%3A/Users/likit/OneDrive/Documents/projects/Audiocomments/tests', initialization_options=None, trace=<TraceValue.Off: 'off'>, work_done_token=None, workspace_folders=(WorkspaceFolder(uri='file:///c%3A/Users/likit/OneDrive/Documents/projects/Audiocomments/tests', name='tests'),))
2026-03-21 05:26:43,278 SpeakLine LSP server initializing...
2026-03-21 05:26:43,291 Server capabilities: {"positionEncoding": "utf-16", "textDocumentSync": {"openClose": true, "change": 2, "willSave": false, "willSaveWaitUntil": false, "save": false}, "executeCommandProvider": {"commands": ["speakline.recordAtCursor", "speakline.recordAtCursorPreview", "speakline.transcribeOnly", "speakline.insertComment"]}, "workspace": {"workspaceFolders": {"supported": true, "changeNotifications": true}, "fileOperations": {}}}
2026-03-21 05:26:43,298 Sending data: {"id": 0, "jsonrpc": "2.0", "result": {"capabilities": {"positionEncoding": "utf-16", "textDocumentSync": {"openClose": true, "change": 2, "willSave": false, "willSaveWaitUntil": false, "save": false}, "executeCommandProvider": {"commands": ["speakline.recordAtCursor", "speakline.recordAtCursorPreview", "speakline.transcribeOnly", "speakline.insertComment"]}, "workspace": {"workspaceFolders": {"supported": true, "changeNotifications": true}, "fileOperations": {}}}, "serverInfo": {"name": "speakline-lsp", "version": "v0.2.0"}}}
2026-03-21 05:26:43,438 Content length: 52
2026-03-21 05:26:43,440 Notification 'initialized' received
2026-03-21 05:26:43,466 Content length: 44
2026-03-21 05:26:43,468 Request 'shutdown' received
2026-03-21 05:26:43,468 Sending data: {"id": 1, "jsonrpc": "2.0", "result": null}
2026-03-21 05:26:43,561 Content length: 33
2026-03-21 05:26:43,562 Notification 'exit' received
2026-03-21 05:26:43,563 Unhandled exception in client_connected_cb
transport: <_ProactorSocketTransport closed>
Traceback (most recent call last):
  File "C:\Users\likit\anaconda3\Lib\asyncio\runners.py", line 195, in run
    return runner.run(main)
           ~~~~~~~~~~^^^^^^
  File "C:\Users\likit\anaconda3\Lib\asyncio\runners.py", line 118, in run
    return self._loop.run_until_complete(task)
           ~~~~~~~~~~~~~~~~~~~~~~~~~~~~~^^^^^^
  File "C:\Users\likit\anaconda3\Lib\asyncio\base_events.py", line 712, in run_until_complete
    self.run_forever()
    ~~~~~~~~~~~~~~~~^^
  File "C:\Users\likit\anaconda3\Lib\asyncio\base_events.py", line 683, in run_forever
    self._run_once()
    ~~~~~~~~~~~~~~^^
  File "C:\Users\likit\anaconda3\Lib\asyncio\base_events.py", line 2042, in _run_once
    handle._run()
    ~~~~~~~~~~~^^
  File "C:\Users\likit\anaconda3\Lib\asyncio\events.py", line 89, in _run
    self._context.run(self._callback, *self._args)
    ~~~~~~~~~~~~~~~~~^^^^^^^^^^^^^^^^^^^^^^^^^^^^^
  File "C:\Users\likit\anaconda3\Lib\site-packages\pygls\server.py", line 182, in lsp_connection
    await run_async(
    ...<5 lines>...
    )
  File "C:\Users\likit\anaconda3\Lib\site-packages\pygls\io_.py", line 167, in run_async
    protocol.handle_message(message)
    ~~~~~~~~~~~~~~~~~~~~~~~^^^^^^^^^
  File "C:\Users\likit\anaconda3\Lib\site-packages\pygls\protocol\json_rpc.py", line 509, in handle_message
    ctx.run(self._handle_notification, message.method, message.params)
    ~~~~~~~^^^^^^^^^^^^^^^^^^^^^^^^^^^^^^^^^^^^^^^^^^^^^^^^^^^^^^^^^^^
  File "C:\Users\likit\anaconda3\Lib\site-packages\pygls\protocol\json_rpc.py", line 362, in _handle_notification
    self._execute_handler(
    ~~~~~~~~~~~~~~~~~~~~~^
        msg_id=str(uuid.uuid4()),
        ^^^^^^^^^^^^^^^^^^^^^^^^^
    ...<2 lines>...
        callback=self._check_handler_result,
        ^^^^^^^^^^^^^^^^^^^^^^^^^^^^^^^^^^^^
    )
    ^
  File "C:\Users\likit\anaconda3\Lib\site-packages\pygls\protocol\json_rpc.py", line 223, in _execute_handler
    self._run_generator(
    ~~~~~~~~~~~~~~~~~~~^
        future=None, gen=handler(*args, **kwargs), result_future=future
        ^^^^^^^^^^^^^^^^^^^^^^^^^^^^^^^^^^^^^^^^^^^^^^^^^^^^^^^^^^^^^^^
    )
    ^
  File "C:\Users\likit\anaconda3\Lib\site-packages\pygls\protocol\json_rpc.py", line 274, in _run_generator
    handler, args, kwargs = gen.send(value)
                            ~~~~~~~~^^^^^^^
  File "C:\Users\likit\anaconda3\Lib\site-packages\pygls\protocol\language_server.py", line 132, in lsp_exit
    sys.exit(returncode)
    ~~~~~~~~^^^^^^^^^^^^
SystemExit: 0
2026-03-21 05:28:56,005 Starting TCP server on 127.0.0.1:8473
2026-03-21 05:28:56,005 Using proactor: IocpProactor
2026-03-21 05:28:56,006 Serving on ('127.0.0.1', 8473)
2026-03-21 05:30:03,105 Starting TCP server on 127.0.0.1:8473
2026-03-21 05:30:03,105 Using proactor: IocpProactor
2026-03-21 05:30:03,107 Serving on ('127.0.0.1', 8473)
